mads 2.1.0 build 8 (23 Dec 19)
Source: C:\Users\admin\OneDrive\Guille\Eclipse\workplace\WUDSN\GitHub\ARDungeonCartridge\ARDungeonCharTransfer\ARCharTransfer.asm
     1 				; include files, useful macros:
     2 					icl "../base/sys_equates.m65"
Source: C:\Users\admin\OneDrive\Guille\Eclipse\workplace\WUDSN\GitHub\ARDungeonCartridge\ARDungeonCharTransfer\..\base\sys_equates.m65
     1 				;================================================================================
     2 				; System equates, Atari XL + mads [NRV 2009]
     3 				;================================================================================
     4
     5 				;----------------------------------------
     6 				; GTIA:
     7 				;----------------------------------------
     8
     9 = D000			M0PF	= $D000  ; read only
    10 = D001			M1PF	= $D001  ; read only
    11 = D002			M2PF	= $D002  ; read only
    12 = D003			M3PF	= $D003  ; read only
    13
    14 = D004			P0PF	= $D004  ; read only
    15 = D005			P1PF	= $D005  ; read only
    16 = D006			P2PF	= $D006  ; read only
    17 = D007			P3PF	= $D007  ; read only
    18
    19 = D008			M0PL	= $D008  ; read only
    20 = D009			M1PL	= $D009  ; read only
    21 = D00A			M2PL	= $D00A  ; read only
    22 = D00B			M3PL	= $D00B  ; read only
    23
    24 = D00C			P0PL	= $D00C  ; read only
    25 = D00D			P1PL	= $D00D  ; read only
    26 = D00E			P2PL	= $D00E  ; read only
    27 = D00F			P3PL	= $D00F  ; read only
    28
    29 = D010			TRIG0	= $D010  ; read only
    30 = D011			TRIG1	= $D011  ; read only
    31 = D012			TRIG2	= $D012  ; read only
    32 = D013			TRIG3	= $D013  ; read only
    33
    34 = D014			PAL		= $D014  ; read only
    35
    36 				; positions for normal screen: 48 left (+160)--> 208 right (or 32-->224 for wide playfield)
    37 				; 32 top (+192)--> 224 bottom (or 16-->112 for double line resolution)
    38 = D000			HPOSP0	= $D000  ; write only
    39 = D001			HPOSP1	= $D001  ; write only
    40 = D002			HPOSP2	= $D002  ; write only
    41 = D003			HPOSP3	= $D003  ; write only
    42
    43 = D004			HPOSM0	= $D004  ; write only
    44 = D005			HPOSM1	= $D005  ; write only
    45 = D006			HPOSM2	= $D006  ; write only
    46 = D007			HPOSM3	= $D007  ; write only
    47
    48 				; 0 (or 2) normal width, 1 double width, 4 quadruple width
    49 = D008			SIZEP0	= $D008  ; write only
    50 = D009			SIZEP1	= $D009  ; write only
    51 = D00A			SIZEP2	= $D00A  ; write only
    52 = D00B			SIZEP3	= $D00B  ; write only
    53
    54 = D00C			SIZEM	= $D00C  ; write only		// the same 2 bits as the players, but in one byte, in this order: m3m2m1m0
    55
    56 = D00D			GRAFP0	= $D00D  ; write only
    57 = D00E			GRAFP1	= $D00E  ; write only
    58 = D00F			GRAFP2	= $D00F  ; write only
    59 = D010			GRAFP3	= $D010  ; write only
    60
    61 = D011			GRAFM	= $D011  ; write only		// 4 missiles in this order: m3m2m1m0
    62
    63 = D012			COLPM0	= $D012  ; write only
    64 = D013			COLPM1	= $D013  ; write only
    65 = D014			COLPM2	= $D014  ; write only
    66 = D015			COLPM3	= $D015  ; write only
    67
    68 = D016			COLPF0	= $D016  ; write only
    69 = D017			COLPF1	= $D017  ; write only
    70 = D018			COLPF2	= $D018  ; write only
    71 = D019			COLPF3	= $D019  ; write only
    72
    73 = D01A			COLBK	= $D01A  ; write only
    74
    75 = D01B			PRIOR	= $D01B  ; write only
    76 = D01C			VDELAY	= $D01C  ; write only
    77 = D01D			GRACTL	= $D01D  ; write only
    78 = D01E			HITCLR	= $D01E  ; write only
    79
    80 = D01F			CONSOL	= $D01F  ; read and write
    81
    82 				;----------------------------------------
    83 				; POKEY:
    84 				;----------------------------------------
    85
    86 = D200			POT0	= $D200  ; read only
    87 = D201			POT1	= $D201  ; read only
    88 = D202			POT2	= $D202  ; read only
    89 = D203			POT3	= $D203  ; read only
    90 = D204			POT4	= $D204  ; read only
    91 = D205			POT5	= $D205  ; read only
    92 = D206			POT6	= $D206  ; read only
    93 = D207			POT7	= $D207  ; read only
    94
    95 = D208			ALLPOT	= $D208  ; read only
    96
    97 = D209			KBCODE	= $D209  ; read only
    98 = D20A			RANDOM	= $D20A  ; read only
    99
   100 = D20D			SERIN	= $D20D  ; read only
   101 = D20E			IRQST	= $D20E  ; read only
   102 = D20F			SKSTAT	= $D20F  ; read only
   103
   104
   105 = D200			AUDF1	= $D200  ; write only
   106 = D201			AUDC1	= $D201  ; write only
   107 = D202			AUDF2	= $D202  ; write only
   108 = D203			AUDC2	= $D203  ; write only
   109 = D204			AUDF3	= $D204  ; write only
   110 = D205			AUDC3	= $D205  ; write only
   111 = D206			AUDF4	= $D206  ; write only
   112 = D207			AUDC4	= $D207  ; write only
   113
   114 = D208			AUDCTL	= $D208  ; write only
   115
   116 = D209			STIMER	= $D209  ; write only
   117 = D20A			SKREST	= $D20A  ; write only
   118 = D20B			POTGO	= $D20B  ; write only
   119
   120 = D20D			SEROUT	= $D20D  ; write only
   121 = D20E			IRQEN	= $D20E  ; write only
   122 = D20F			SKCTL	= $D20F  ; write only
   123
   124 				;----------------------------------------
   125 				; PIA:
   126 				;----------------------------------------
   127
   128 = D300			PORTA	= $D300  ; read and write
   129 = D301			PORTB	= $D301  ; read and write
   130 = D302			PACTL	= $D302  ; read and write
   131 = D303			PBCTL	= $D303  ; read and write
   132
   133 				;----------------------------------------
   134 				; ANTIC:
   135 				;----------------------------------------
   136
   137 = D40B			VCOUNT	= $D40B  ; read only
   138
   139 = D40C			PENH	= $D40C  ; read only
   140 = D40D			PENV	= $D40D  ; read only
   141
   142 = D40F			NMIST	= $D40F  ; read only
   143
   144
   145 = D400			DMACTL	= $D400  ; write only
   146 = D401			CHACTL	= $D401  ; write only
   147 = D402			DLISTL	= $D402  ; write only
   148 = D403			DLISTH	= $D403  ; write only
   149 = D404			HSCROL	= $D404  ; write only
   150 = D405			VSCROL	= $D405  ; write only
   151 = D407			PMBASE	= $D407  ; write only
   152 = D409			CHBASE	= $D409  ; write only
   153 = D40A			WSYNC	= $D40A  ; write only
   154 = D40E			NMIEN	= $D40E  ; write only
   155 = D40F			NMIRES	= $D40F  ; write only
   156
   157 				;----------------------------------------
   158 				; Shadow registers:
   159 				;----------------------------------------
   160
   161 = 0218			CDTMV1	= $218
   162 = 021A			CDTMV2	= $21a
   163 = 021C			CDTMV3	= $21c
   164 = 021E			CDTMV4	= $21e
   165 = 0220			CDTMV5	= $220
   166
   167
   168 = 022F			SDMCTL	= $22f	; shadow of DMACTL
   169 = 026F			GPRIOR	= $26f	; shadow of PRIOR
   170
   171 = 02C0			PCOLR0	= $2c0	; shadow of COLPM0
   172 = 02C1			PCOLR1  = $2c1
   173 = 02C2			PCOLR2  = $2c2
   174 = 02C3			PCOLR3  = $2c3
   175 = 02C4			COLOR0	= $2c4	; shadow of COLPF0
   176 = 02C5			COLOR1  = $2c5
   177 = 02C6			COLOR2  = $2c6
   178 = 02C7			COLOR3  = $2c7
   179 = 02C8			COLOR4  = $2c8
   180
   181 = 02E0			RUNAD	= $2e0
   182 = 02E2			INITAD	= $2e2
   183
   184 = 0014			RTCLOCK	= $14
   185 = 0041			SOUNDR	= $41
   186 = 0042			CRITIC	= $42
   187 = 004D			ATRACT	= 77
   188
   189 = 0052			LMARGN = $52
   190 = 0053			RMARGN = $53
   191 = 0062			PALNTS = $62
   192 = 006A			RAMTOP = $6A
   193
   194 = 02F4			CHBAS	= $2F4	; shadow of CHBASE
   195 = 02FC			CH	= $2FC
   196 = 02F3			CHACT	= $2F3  ; 
   197
   198 = 0340			ICHID = $340
   199 = 0341			ICDNO = $341
   200 = 0342			ICCMD = $342
   201 = 0343			ICSTA = $343
   202 = 0344			ICBAL = $344
   203 = 0345			ICBAH = $345
   204 = 0346			ICPTL = $346
   205 = 0347			ICPTH = $347
   206 = 0348			ICBLL = $348
   207 = 0349			ICBLH = $349
   208 = 034A			ICAX1 = $34A
   209 = 034B			ICAX2 = $34B
   210
   211 = 03F8			BASICF  = $3f8
   212 = 03FA			GINTLK  = $3fa
   213
   214
   215 = 0230			SDLSTL	= $230	; display list address
   216 = 0200			VDSLST	= $200	; DLI address
   217
   218 = 0300			DDEVIC	= $300
   219 = 0301			DUNIT	= $301
   220 = 0302			DCOMND	= $302
   221 = 0303			DSTATS	= $303
   222 = 0304			DBUFLO	= $304
   223 = 0305			DBUFHI	= $305
   224
   225 = 030A			DAUX1	= $30A
   226 = 030B			DAUX2	= $30B
   227
   228
   229 = 0270			PADDL0	= 624	; 0-228 , shadow of POT0
   230 = 027C			PTRIG0	= 636	; 0 = PRESSED , shadow of PTRG0
   231 = 0278			STICK0	= 632	; 0000 = RLDU , shadow of PORTA
   232 = 0284			STRIG0	= 644	; 0 = PRESSED , shadow of TRIG0
   233
   234 = 0244			COLDST	= $244	; non zero --> do a cold start when pressing the reset key
   235
   236 				;----------------------------------------
   237 				; VBI:
   238 				;----------------------------------------
   239
   240 = E45C			SETVBV			= $E45C
   241 = E45F			XITVB_I			= $E45F
   242 = E45F			SYSVBV			= $E45F
   243 = E462			XITVB_D			= $E462
   244 = E462			XITVBV			= $E462
   245 = 0006			VBI_I			= 6
   246 = 0007			VBI_D			= 7
   247 = C0E2			NORMAL_VBI_I	= 49378
   248 = C28A			NORMAL_VBI_D	= 49802
   249 = 0222			VVBLKI			= 546
   250 = 0224			VVBLKD			= 548
   251 = E462			XITVB			= XITVB_D
   252
   253 				;----------------------------------------
   254 				; Handler vectors:
   255 				;----------------------------------------
   256
   257 = FFFA			NMIH_VECTOR		= 65530
   258 = FFFC			RESH_VECTOR		= 65532
   259 = FFFE			IRQH_VECTOR		= 65534
   260
   261 				;----------------------------------------
   262 				; I/O:
   263 				;----------------------------------------
   264
   265 = E453			DSKINV			= $E453 ; (58451)
   266 = E456			CIOV			= $E456	; (58454)
   267 = E459			SIOV			= $E459	; (58457)
   268
   269 				;----------------------------------------
   270 				; Restart routines
   271 				;----------------------------------------
   272
   273 = E474			WARMSV			= $E474
   274 = E477			COLDSV			= $E477
   275
   276 				;----------------------------------------
   277 				; Bit values:
   278 				;----------------------------------------
   279
   280 				; DMA values
   281 = 0020			DV_DMA_ON			= %00100000
   282 = 0010			DV_PM_ONE_LINE		= %00010000
   283 = 0008			DV_PLAYERS_ON		= %00001000
   284 = 0004			DV_MISSILES_ON		= %00000100
   285 = 0003			DV_WIDE_PF			= %00000011
   286 = 0002			DV_NORMAL_PF		= %00000010
   287 = 0001			DV_NARROW_PF		= %00000001
   288
   289 				; Display list values
   290 = 0080			DL_DLI_MASK		= %10000000
   291 = 0040			DL_LMS_MASK		= %01000000
   292 = 0020			DL_VSCROLL_MASK	= %00100000
   293 = 0010			DL_HSCROLL_MASK	= %00010000
   294
   295 = 0001			DL_JMP		= 1
   296 = 0041			DL_JVB		= 65
   297
   298 = 0000			DL_BLANK_1	= 0
   299 = 0010			DL_BLANK_2	= 16
   300 = 0020			DL_BLANK_3	= 32
   301 = 0030			DL_BLANK_4	= 48
   302 = 0040			DL_BLANK_5	= 64
   303 = 0050			DL_BLANK_6	= 80
   304 = 0060			DL_BLANK_7	= 96
   305 = 0070			DL_BLANK_8	= 112
   306
   307 				; Antic graphic modes
   308 = 0002			GM_CHAR_A2	= 2			; 2 colors, 40x24, 960b, 40xline, 8 scanlines
   309 = 0006			GM_CHAR_A6	= 6			; 4 colors, 20x24, 480b, 40xline, 8 scanlines
   310 = 0007			GM_CHAR_A7	= 7			; 4 colors, 20x12, 240b, 20xline, 16 scanlines
   311 = 0004			GM_CHAR_A4	= 4			; 5 colors, 40x24, 960b, 40xline, 8 scanlines
   312 = 0005			GM_CHAR_A5	= 5			; 5 colors, 40x12, 480b, 40xline, 16 scanlines
   313 = 0003			GM_CHAR_A3	= 3			; 2 colors, 40x24, 760b, 40xline, 10 scanlines
   314
   315 				; Basic graphic modes
   316 = 0002			GM_CHAR_G0	= 2			; 2 colors, 40x24, 960b, 40xline, 8 scanlines
   317 = 0006			GM_CHAR_G1	= 6			; 4 colors, 20x24, 480b, 40xline, 8 scanlines
   318 = 0007			GM_CHAR_G2	= 7			; 4 colors, 20x12, 240b, 20xline, 16 scanlines
   319 = 0004			GM_CHAR_G12	= 4			; 5 colors, 40x24, 960b, 40xline, 8 scanlines
   320 = 0005			GM_CHAR_G13	= 5			; 5 colors, 40x12, 480b, 40xline, 16 scanlines
   321
   322 = 0008			GM_PIXEL_G3	= 8			; 4 colors, 40x24, 240b, 10xline, 8 scanline
   323 = 0009			GM_PIXEL_G4	= 9			; 2 colors, 80x48, 480b, 10xline, 4 scanline
   324 = 000A			GM_PIXEL_G5	= 10		; 4 colors, 80x48, 960b, 20xline, 4 scanline
   325 = 000B			GM_PIXEL_G6	= 11		; 2 colors, 160x96, 1920b, 20xline, 2 scanline
   326 = 000D			GM_PIXEL_G7	= 13		; 4 colors, 160x96, 3840b, 40xline, 2 scanline
   327 = 000F			GM_PIXEL_G8	= 15		; 2 colors, 320x192, 7680b, 40xline, 1 scanline
   328 = 000C			GM_PIXEL_G14	= 12	; 2 colors, 160x192, 3840b, 20xline, 1 scanline
   329 = 000E			GM_PIXEL_G15	= 14	; 4 colors, 160x192, 7680b, 40xline, 1 scanline
   330
   331 = 000F			GM_PIXEL_G9	= 15		; 1 color, 80x192, 7680b, 40xline, 1 scanline
   332 = 000F			GM_PIXEL_G10	= 15	; 9 colors, 80x192, 7680b, 40xline, 1 scanline
   333 = 000F			GM_PIXEL_G11	= 15	; 16 colors, 80x192, 7680b, 40xline, 1 scanline
   334
   335 				; Prior values
   336 = 0001			PRV_PM_PRIORITY_1	= %00000001		; p0 p1 p2 p3 / pf0 pf1 pf2 pf3 (p5) / bk
   337 = 0002			PRV_PM_PRIORITY_2	= %00000010		; p0 p1 / pf0 pf1 pf2 pf3 (p5) / p2 p3 / bk
   338 = 0004			PRV_PM_PRIORITY_3	= %00000100		; pf0 pf1 pf2 pf3 (p5) /  p0 p1 p2 p3 / bk
   339 = 0008			PRV_PM_PRIORITY_4	= %00001000		; pf1 pf2 /  p0 p1 p2 p3 / pf0 pf3 (p5) / bk
   340 = 0010			PRV_FIFTH_PLAYER	= %00010000
   341 = 0020			PRV_PM_OVERLAP		= %00100000
   342 = 0040			PRV_GTIA_9			= %01000000
   343 = 0080			PRV_GTIA_10			= %10000000
   344 = 00C0			PRV_GTIA_11			= %11000000
   345
   346 				; Gractl values
   347 = 0001			GCTL_MISSILES		= %001
   348 = 0002			GCTL_PLAYERS		= %010
   349 = 0004			GCTL_LATCH_TRIGGERS	= %100
   350
   351 				; Consol values:
   352 = 0001			CNV_START_MASK		= %001
   353 = 0002			CNV_OPTION_MASK		= %010
   354 = 0004			CNV_SELECT_MASK		= %100
   355
   356 				; Stick values:
   357 = 0008			STV_RIGHT_MASK		= %1000
   358 = 0004			STV_LEFT_MASK		= %0100
   359 = 0002			STV_DOWN_MASK		= %0010
   360 = 0001			STV_UP_MASK			= %0001
   361
   362 = 0008			STICK_MASK_RIGHT	= %1000
   363 = 0004			STICK_MASK_LEFT		= %0100
   364 = 0002			STICK_MASK_DOWN		= %0010
   365 = 0001			STICK_MASK_UP		= %0001
   366
   367 = 0007			STICK_VALUE_RIGHT	= %0111
   368 = 000B			STICK_VALUE_LEFT	= %1011
   369 = 000D			STICK_VALUE_DOWN	= %1101
   370 = 000E			STICK_VALUE_UP		= %1110
   371
   372 				/*
   373 				KBCode Hexadecimal Values
   374 				 	$00	$01	$02	$03	$04	$05	$06	$07	$08	$09	$0A	$0B	$0C	$0D	$0E	$0F
   375 				$00	L	J	;	F1	F2	K	+	*	O	 	P	U	CR	I	-	=
   376 				$10	V	Hlp	C	F3	F4	B	X	Z	4	 	3	6	Esc	5	2	1
   377 				$20	,	Spc	.	N	 	M	/	Inv	R	 	E	Y	Tab	T	W	Q
   378 				$30	9	 	0	7	BS	8	<	>	F	H	D	 	Cap	G	S	A
   379
   380 				together with Shift Key: add +$40
   381 				together with Control key: add +$80 
   382 				*/
   382
     3 					icl "../base/sys_macros.m65"
Source: C:\Users\admin\OneDrive\Guille\Eclipse\workplace\WUDSN\GitHub\ARDungeonCartridge\ARDungeonCharTransfer\..\base\sys_macros.m65
     1 				;================================================================================
     2 				; System macros, Atari XL + mads [NRV 2009]
     3 				;================================================================================
     4
     5 				;--------------------------------------------------------------------------------
     6 				; SetVector [address] [word]
     7 				;--------------------------------------------------------------------------------
     8
     9 					.macro SetVector
    10 					   .if :0 <> 2
    11 					      .error "SetVector error"
    12 				
    13 					   .else
    14 					      lda #<:2
    15 					      sta :1
    16 					      lda #>:2
    17 					      sta :1+1
    18 					   .endif
    19 				
    20 					.endm
    21
    22
    23 				;--------------------------------------------------------------------------------
    24 				; SetColor [0..4] [0..255]
    25 				; SetColor [0..4] [0..15] [0..15]
    26 				;--------------------------------------------------------------------------------
    27
    28 					.macro SetColor
    29 					   .if :0 < 2 .or :0 > 3
    30 					      .error "SetColor error"
    31 				
    32 					   .else
    33 					      .if :0 = 2
    34 					          lda #:2
    35 					          sta COLPF0+:1
    36 					      .else
    37 					          lda #[:2 * 16 + :3]
    38 					          sta COLPF0+:1
    39 					      .endif
    40 					   .endif
    41 				
    42 					.endm
    43
    44
    45 				;--------------------------------------------------------------------------------
    46 				; SetPMColor [0..3] [0..255]
    47 				; SetPMColor [0..3] [0..15] [0..15]
    48 				;--------------------------------------------------------------------------------
    49
    50 					.macro SetPMColor
    51 					   .if :0 < 2 .or :0 > 3
    52 					      .error "SetPMColor error"
    53 				
    54 					   .else
    55 					      .if :0 = 2
    56 					          lda #:2
    57 					          sta COLPM0+:1
    58 					      .else
    59 					          lda #[:2 * 16 + :3]
    60 					          sta COLPM0+:1
    61 					      .endif
    62 					   .endif
    63 				
    64 					.endm
    65
    66
    67 				;--------------------------------------------------------------------------------
    68 				; VcountSync [0..130]
    69 				; (maximum limit is different on PAL: 155)
    70 				; (could wait forever if there are interrupts activated!)
    71 				; (or if some other "thread" uses "wsync")
    72 				;--------------------------------------------------------------------------------
    73
    74 					.macro VcountSync
    75 					   .if :0 <> 1
    76 					      .error "VcountSync error"
    77 				
    78 					   .else
    79 					      sta WSYNC
    80 				
    81 					      lda #:1
    82 				VSync1	 cmp VCOUNT
    83 					      bne VSync1
    84 				
    85 					      lda #:1+1
    86 				VSync2	 cmp VCOUNT
    87 					      bne VSync2
    88 				
    89 					      sta WSYNC
    90 					   .endif
    91 				
    92 					.endm
    93
    94
    95 				;--------------------------------------------------------------------------------
    96 				; VcountWait [0..130]
    97 				; (maximum limit is different on PAL: 155)
    98 				;--------------------------------------------------------------------------------
    99
   100 					.macro VcountWait
   101 					   .if :0 <> 1
   102 					      .error "VcountWait error"
   103 				
   104 					   .else
   105 					      lda #:1
   106 				VWait1	 cmp VCOUNT
   107 					      bne VWait1
   108 					   .endif
   109 				
   110 					.endm
   111
   112
   113 				;--------------------------------------------------------------------------------
   114 				; VcountWaitUntilEnter [0..129] [(p1+1)..130]
   115 				; (maximum limit is different on PAL: 155)
   116 				;--------------------------------------------------------------------------------
   117
   118 					.macro VcountWaitUntilEnter
   119 					   .if :0 <> 2 .or :1 >= :2
   120 					      .error "VcountWaitUntilEnter error"
   121 				
   122 					   .else
   123 				VWait1     lda VCOUNT
   124 						 cmp #:1
   125 						 beq VExit
   126 					      bcc VWait1	; VCOUNT < :1
   127 						 cmp #:2
   128 						 beq VExit
   129 					      bcs VWait1	; VCOUNT >= :2
   130 				VExit
   131 					   .endif
   132 				
   133 					.endm
   134
   135
   136 				;--------------------------------------------------------------------------------
   137 				; VcountWaitUntilExit [0..129] [(p1+1)..130]
   138 				; (maximum limit is different on PAL: 155)
   139 				;--------------------------------------------------------------------------------
   140
   141 					.macro VcountWaitUntilExit
   142 					   .if :0 <> 2 .or :1 >= :2
   143 					      .error "VcountWaitUntilExit error"
   144 				
   145 					   .else
   146 				VWait1     lda VCOUNT
   147 						 cmp #:1
   148 						 beq VWait1
   149 					      bcc VExit	; VCOUNT < :1
   150 						 cmp #:2
   151 					      bcc VWait1	; VCOUNT < :2
   152 						 beq VWait1
   153 				VExit
   154 					   .endif
   155 				
   156 					.endm
   157
   158
   159 				;--------------------------------------------------------------------------------
   160 				; MarkScanLine [0..255] [0..255]
   161 				; (mark the current scan line with a color)
   162 				;--------------------------------------------------------------------------------
   163
   164 					.macro MarkScanLine
   165 					   .if :0 <> 0 .and :0 <> 2
   166 					      .error "MarkScanLine error"
   167 				
   168 					   .else
   169 					  	   .if :0 = 0
   170 				  		      sta WSYNC
   171 				  	     	 lda #255		; mark color
   172 					  	      sta COLBK
   173 				
   174 				  		      sta WSYNC
   175 				  	     	 lda #0		; restore color
   176 					  	      sta COLBK
   177 				
   178 				  		   .else
   179 					     	 sta WSYNC
   180 						      lda #:1		; mark color
   181 						      sta COLBK
   182 				
   183 						      sta WSYNC
   184 						      lda #:2		; restore color
   185 					     	 sta COLBK
   186 						   .endif
   187 					   .endif
   188 				
   189 					.endm
   190
   191
   192 				;--------------------------------------------------------------------------------
   193 				; MarkScanLineIfConsol [0..255] [0..255]
   194 				; (mark the current scan line with a color, if a consol key is pressed)
   195 				;--------------------------------------------------------------------------------
   196
   197 					.macro MarkScanLineIfConsol
   198 					   .if :0 <> 0 .and :0 <> 2
   199 					      .error "MarkScanLineIfConsol error"
   200 				
   201 					   .else
   202 						 .if :0 = 0
   203 						      lda CONSOL
   204 						      and #%111
   205 					     	 cmp #%111
   206 						      beq ExitMarkScanLineIfConsol
   207 				
   208 						      sta WSYNC
   209 						      lda #255		; mark color
   210 						      sta COLBK
   211 				
   212 						      sta WSYNC
   213 						      lda #0		; restore color
   214 					     	 sta COLBK
   215 				
   216 					   	 .else
   217 						      lda CONSOL
   218 						      and #%111
   219 					     	 cmp #%111
   220 						      beq ExitMarkScanLineIfConsol
   221 				
   222 						      sta WSYNC
   223 					     	 lda #:1		; mark color
   224 						      sta COLBK
   225 				
   226 						      sta WSYNC
   227 					     	 lda #:2		; restore color
   228 						      sta COLBK
   229 				
   230 					   	 .endif
   231 					   .endif
   232 				
   233 				ExitMarkScanLineIfConsol
   234 				
   235 					.endm
   236
   237
   238 				;--------------------------------------------------------------------------------
   239 				; MarkCyclesIfConsol [0..255] [0..255]
   240 				; (mark the current scan position with a color, for some cycles)
   241 				;--------------------------------------------------------------------------------
   242
   243 					.macro MarkCyclesIfConsol
   244 					   .if :0 = 0
   245 					      lda CONSOL
   246 					      and #%111
   247 					      cmp #%111
   248 					      beq ExitMarkCyclesIfConsol
   249 				
   250 					      lda #255		; mark color
   251 					      sta COLBK
   252 				
   253 					      lda ($00),y	; dummy 5 cycles
   254 					      lda ($00),y	; dummy 5 cycles
   255 					      lda ($00),y	; dummy 5 cycles
   256 					      lda ($00),y	; dummy 5 cycles
   257 					      lda ($00),y	; dummy 5 cycles
   258 					      lda ($00),y	; dummy 5 cycles
   259 				
   260 					      lda #0		; restore color
   261 					      sta COLBK
   262 				
   263 					   .elseif :0 = 2
   264 					      lda CONSOL
   265 					      and #%111
   266 					      cmp #%111
   267 					      beq ExitMarkCyclesIfConsol
   268 				
   269 					      lda #:1		; mark color
   270 					      sta COLBK
   271 				
   272 					      lda ($00),y	; dummy 5 cycles
   273 					      lda ($00),y	; dummy 5 cycles
   274 					      lda ($00),y	; dummy 5 cycles
   275 					      lda ($00),y	; dummy 5 cycles
   276 					      lda ($00),y	; dummy 5 cycles
   277 					      lda ($00),y	; dummy 5 cycles
   278 				
   279 					      lda #:2		; restore color
   280 					      sta COLBK
   281 				
   282 					   .else
   283 					      .error "MarkCyclesIfConsol error"
   284 				
   285 					   .endif
   286 				
   287 				ExitMarkCyclesIfConsol
   288 				
   289 					.endm
   290
   291
   292 				;--------------------------------------------------------------------------------
   293 				; SetBasic [0,1]
   294 				;--------------------------------------------------------------------------------
   295
   296 					.macro SetBasic
   297 					   .if :0 <> 1
   298 					      .error "SetBasic error"
   299 				
   300 					   .else
   301 					      .if :1 = 0
   302 					         lda PORTB	; deactivate Basic
   303 					         ora #%00000010
   304 					         sta PORTB
   305 					      .else
   306 					         lda PORTB	; activate Basic
   307 					         and #%11111101
   308 					         sta PORTB
   309 					      .endif
   310 					   .endif
   311 				
   312 					.endm
   313
   314
   315 				;--------------------------------------------------------------------------------
   316 				; SetOperativeSystem [0,1]
   317 				;--------------------------------------------------------------------------------
   318
   319 					.macro SetOperativeSystem
   320 					   .if :0 <> 1
   321 					      .error "SetOperativeSystem error"
   322 				
   323 					   .else
   324 					      .if :1 = 0
   325 					         lda PORTB	; deactivate Operative System
   326 					         and #%11111110
   327 					         sta PORTB
   328 					      .else
   329 					         lda PORTB	; activate Operative System
   330 					         ora #%00000001
   331 					         sta PORTB
   332 					      .endif
   333 					   .endif
   334 				
   335 					.endm
   336
   337
   338 				;--------------------------------------------------------------------------------
   339 				; EnableBasic
   340 				;--------------------------------------------------------------------------------
   341
   342 					.macro EnableBasic
   343 					   .if :0 <> 0
   344 					      .error "EnableBasic error"
   345 				
   346 					   .else
   347 					      SetBasic 1
   348 					   .endif
   349 				
   350 					.endm
   351
   352
   353 				;--------------------------------------------------------------------------------
   354 				; DisableBasic
   355 				;--------------------------------------------------------------------------------
   356
   357 					.macro DisableBasic
   358 					   .if :0 <> 0
   359 					      .error "DisableBasic error"
   360 				
   361 					   .else
   362 					      SetBasic 0
   363 					   .endif
   364 				
   365 					.endm
   366
   367
   368 				;--------------------------------------------------------------------------------
   369 				; EnableOperativeSystem
   370 				;--------------------------------------------------------------------------------
   371
   372 					.macro EnableOperativeSystem
   373 					   .if :0 <> 0
   374 					      .error "EnableOperativeSystem error"
   375 				
   376 					   .else
   377 					      SetOperativeSystem 1
   378 					   .endif
   379 				
   380 					.endm
   381
   382
   383 				;--------------------------------------------------------------------------------
   384 				; DisableOperativeSystem
   385 				;--------------------------------------------------------------------------------
   386
   387 					.macro DisableOperativeSystem
   388 					   .if :0 <> 0
   389 					      .error "DisableOperativeSystem error"
   390 				
   391 					   .else
   392 					      SetOperativeSystem 0
   393 					   .endif
   394 				
   395 					.endm
   396
   397
   398 				;--------------------------------------------------------------------------------
   399 				; EnableNormalInterrupts
   400 				;--------------------------------------------------------------------------------
   401
   402 					.macro EnableNormalInterrupts
   403 					   .if :0 <> 0
   404 					      .error "EnableNormalInterrupts error"
   405 				
   406 					   .else
   407 					      cli
   408 				;	      lda #[8+16+32]	; serial I/O interrupts
   409 				;	      lda #[64+128]		; keyboard and break interrupts (only ones enabled on powerup)
   410 				;	      sta IRQEN
   411 					      lda #64			; VBI interrupt
   412 					      sta NMIEN
   413 					   .endif
   414 				
   415 					.endm
   416
   417
   418 				;--------------------------------------------------------------------------------
   419 				; DisableNormalInterrupts
   420 				;--------------------------------------------------------------------------------
   421
   422 					.macro DisableNormalInterrupts
   423 					   .if :0 <> 0
   424 					      .error "DisableNormalInterrupts error"
   425 				
   426 					   .else
   427 					      sei
   428 					      lda #0
   429 					      sta IRQEN
   430 					      sta NMIEN
   431 					   .endif
   432 				
   433 					.endm
   434
   435
   436 				;--------------------------------------------------------------------------------
   437 				; ClearSystem
   438 				;--------------------------------------------------------------------------------
   439
   440 					.macro ClearSystem
   441 					   .if :0 <> 0
   442 					      .error "ClearSystem error"
   443 				
   444 					   .else
   445 					      clc
   446 					      cld
   447 				
   448 					      sei
   449 				
   450 					      lda #0
   451 					      sta IRQEN	; clear interrupts and screen
   452 					      sta NMIEN
   453 				
   454 					      sta DMACTL
   455 					      sta COLBK
   456 				
   457 					      sta GRACTL	; clear P/M
   458 					      sta GRAFP0
   459 					      sta GRAFP1
   460 					      sta GRAFP2
   461 					      sta GRAFP3
   462 					      sta GRAFM
   463 				
   464 					      sta HPOSP0
   465 					      sta HPOSP1
   466 					      sta HPOSP2
   467 					      sta HPOSP3
   468 					      sta HPOSM0
   469 					      sta HPOSM1
   470 					      sta HPOSM2
   471 					      sta HPOSM3
   472 				
   473 					      sta PRIOR	; clear GTIA also
   474 				
   475 					      sta AUDCTL	; clear sound
   476 					      sta AUDC1
   477 					      sta AUDC2
   478 					      sta AUDC3
   479 					      sta AUDC4
   480 				
   481 					      lda #3
   482 					      sta SKCTL
   483 					   .endif
   484 				
   485 					.endm
   486
   487
   488 				;--------------------------------------------------------------------------------
   489 				; SetDisplayListAddress [word]
   490 				; (use when the screen is not being displayed!)
   491 				; (remember to not cross the 1K limit..)
   492 				;--------------------------------------------------------------------------------
   493
   494 					.macro SetDisplayListAddress
   495 					   .if :0 <> 1
   496 					      .error "SetDisplayListAddress error"
   497 				
   498 					   .else
   499 					      SetVector DLISTL, :1
   500 				
   501 				;	      lda #<:1
   502 				;	      sta DLISTL
   503 				;	      lda #>:1
   504 				;	      sta DLISTH
   505 					   .endif
   506 				
   507 					.endm
   508
   509
   510 				;--------------------------------------------------------------------------------
   511 				; SetFontAddress [word]
   512 				; (remember that this transform to a page a number)
   513 				;--------------------------------------------------------------------------------
   514
   515 					.macro SetFontAddress
   516 					   .if :0 <> 1
   517 					      .error "SetFontAddress error"
   518 				
   519 					   .else
   520 					      lda #>:1
   521 					      sta CHBASE
   522 					   .endif
   523 				
   524 					.endm
   525
   526
   527 				;--------------------------------------------------------------------------------
   528 				; SetPMBaseAddress [word]
   529 				; (remember that this transform to a page a number)
   530 				;--------------------------------------------------------------------------------
   531
   532 					.macro SetPMBaseAddress
   533 					   .if :0 <> 1
   534 					      .error "SetPMBaseAddress error"
   535 				
   536 					   .else
   537 					      lda #>:1
   538 					      sta PMBASE
   539 					   .endif
   540 				
   541 					.endm
   542
   543
   544 				;--------------------------------------------------------------------------------
   545 				; SetMemory [address] [bytes] [value]
   546 				;--------------------------------------------------------------------------------
   547
   548 				; warning, using some page zero memory
   549
   550 					.macro SetMemory
   551 				
   552 				setMemPtr	= 254
   553 				setMemCounter	= 252
   554 				
   555 					   .if :0 <> 3
   556 					      .error "SetMemory error"
   557 				
   558 					   .else
   559 					      ldy #0
   560 				
   561 					      lda #<:1
   562 					      sta setMemPtr
   563 					      lda #>:1
   564 					      sta setMemPtr+1
   565 				
   566 					      .if :2 < 256
   567 					         lda #:3
   568 				setMemLoop1
   569 					         sta (setMemPtr),y
   570 					         iny
   571 					         cpy #:2
   572 					         bne setMemLoop1
   573 				
   574 					      .else
   575 					         lda #<:2
   576 					         sta setMemCounter
   577 					         lda #>:2
   578 					         sta setMemCounter+1
   579 				
   580 				setMemLoop2
   581 					         lda #:3
   582 					         sta (setMemPtr),y
   583 					         iny
   584 					         bne setMemB1
   585 					         inc setMemPtr+1
   586 				setMemB1
   587 					         lda setMemCounter
   588 					         bne setMemB2
   589 					         dec setMemCounter+1
   590 				setMemB2
   591 					         dec setMemCounter
   592 				
   593 					         lda setMemCounter
   594 					         ora setMemCounter+1
   595 					         bne setMemLoop2
   596 					      .endif
   597 					   .endif
   598 				
   599 					.endm
   600
   601
   602 				;--------------------------------------------------------------------------------
   603 				; SetMemoryRandom [address] [bytes]
   604 				;--------------------------------------------------------------------------------
   605
   606 				; warning, using some page zero memory
   607
   608 					.macro SetMemoryRandom
   609 				
   610 				setMemRPtr	= 254
   611 				setMemRCounter	= 252
   612 				
   613 					   .if :0 <> 2
   614 					      .error "SetMemoryRandom error"
   615 				
   616 					   .else
   617 					      ldy #0
   618 				
   619 					      lda #<:1
   620 					      sta setMemRPtr
   621 					      lda #>:1
   622 					      sta setMemRPtr+1
   623 				
   624 					      .if :2 < 256
   625 				setMemRLoop1
   626 					         lda RANDOM
   627 					         sta (setMemRPtr),y
   628 					         iny
   629 					         cpy #:2
   630 					         bne setMemRLoop1
   631 				
   632 					      .else
   633 					         lda #<:2
   634 					         sta setMemRCounter
   635 					         lda #>:2
   636 					         sta setMemRCounter+1
   637 				
   638 				setMemRLoop2
   639 					         lda RANDOM
   640 					         sta (setMemRPtr),y
   641 					         iny
   642 					         bne setMemRB1
   643 					         inc setMemRPtr+1
   644 				setMemRB1
   645 					         lda setMemRCounter
   646 					         bne setMemRB2
   647 					         dec setMemRCounter+1
   648 				setMemRB2
   649 					         dec setMemRCounter
   650 				
   651 					         lda setMemRCounter
   652 					         ora setMemRCounter+1
   653 					         bne setMemRLoop2
   654 					      .endif
   655 					   .endif
   656 				
   657 					.endm
   658
   659
   660 				;--------------------------------------------------------------------------------
   661 				; ClampMemory [address] [bytes] [min value] [max value]
   662 				;--------------------------------------------------------------------------------
   663
   664 				; warning, using some page zero memory
   665
   666 					.macro ClampMemory
   667 				
   668 				clampMemPtr	= 254
   669 				clampMemCounter	= 252
   670 				
   671 					   .if :0 <> 4
   672 					      .error "ClampMemory error"
   673 				
   674 					   .else
   675 					      ldy #0
   676 				
   677 					      lda #<:1
   678 					      sta clampMemPtr
   679 					      lda #>:1
   680 					      sta clampMemPtr+1
   681 				
   682 					      .if :2 < 256
   683 				clampMemLoop1
   684 					         lda (clampMemPtr),y
   685 					         cmp #:3
   686 					         bcs clampMemB3		; if >= min then continue
   687 					         lda #:3
   688 					         jmp clampMemB4
   689 				clampMemB3
   690 					         cmp #:4
   691 					         bcc clampMemB4		; if < max then continue
   692 				;	         beq clampMemB4		; if = max then continue
   693 					         lda #:4
   694 				clampMemB4
   695 					         sta (clampMemPtr),y
   696 				
   697 					         iny
   698 					         cpy #:2
   699 					         bne clampMemLoop1
   700 				
   701 					      .else
   702 					         lda #<:2
   703 					         sta clampMemCounter
   704 					         lda #>:2
   705 					         sta clampMemCounter+1
   706 				
   707 				clampMemLoop2
   708 					         lda (clampMemPtr),y
   709 					         cmp #:3
   710 					         bcs clampMemB5		; if >= min then continue
   711 					         lda #:3
   712 					         jmp clampMemB6
   713 				clampMemB5
   714 					         cmp #:4
   715 					         bcc clampMemB6		; if < max then continue
   716 				;	         beq clampMemB6		; if = max then continue
   717 					         lda #:4
   718 				clampMemB6
   719 					         sta (clampMemPtr),y
   720 				
   721 					         iny
   722 					         bne clampMemB1
   723 					         inc clampMemPtr+1
   724 				clampMemB1
   725 					         lda clampMemCounter
   726 					         bne clampMemB2
   727 					         dec clampMemCounter+1
   728 				clampMemB2
   729 					         dec clampMemCounter
   730 				
   731 					         lda clampMemCounter
   732 					         ora clampMemCounter+1
   733 					         bne clampMemLoop2
   734 					      .endif
   735 					   .endif
   736 				
   737 					.endm
   738
   739
   740 				;--------------------------------------------------------------------------------
   741 				; AndMemory [address] [bytes] [value]
   742 				;--------------------------------------------------------------------------------
   743
   744 				; warning, using some page zero memory
   745
   746 					.macro AndMemory
   747 				
   748 				andMemPtr	= 254
   749 				andMemCounter	= 252
   750 				
   751 					   .if :0 <> 3
   752 					      .error "AndMemory error"
   753 				
   754 					   .else
   755 					      ldy #0
   756 				
   757 					      lda #<:1
   758 					      sta andMemPtr
   759 					      lda #>:1
   760 					      sta andMemPtr+1
   761 				
   762 					      .if :2 < 256
   763 				andMemLoop1
   764 					         lda (andMemPtr),y
   765 					         and #:3
   766 					         sta (andMemPtr),y
   767 					         iny
   768 					         cpy #:2
   769 					         bne andMemLoop1
   770 				
   771 					      .else
   772 					         lda #<:2
   773 					         sta andMemCounter
   774 					         lda #>:2
   775 					         sta andMemCounter+1
   776 				
   777 				andMemLoop2
   778 					         lda (andMemPtr),y
   779 					         and #:3
   780 					         sta (andMemPtr),y
   781 					         iny
   782 					         bne andMemB1
   783 					         inc andMemPtr+1
   784 				andMemB1
   785 					         lda andMemCounter
   786 					         bne andMemB2
   787 					         dec andMemCounter+1
   788 				andMemB2
   789 					         dec andMemCounter
   790 				
   791 					         lda andMemCounter
   792 					         ora andMemCounter+1
   793 					         bne andMemLoop2
   794 					      .endif
   795 					   .endif
   796 				
   797 					.endm
   798
   799
   800 				;--------------------------------------------------------------------------------
   801 				; CopyMemory [source address] [dest address] [bytes]
   802 				;--------------------------------------------------------------------------------
   803
   804 				; warning, using some page zero memory
   805
   806 					.macro CopyMemory
   807 				
   808 				copyMemPtr1	= 254
   809 				copyMemPtr2	= 252
   810 				copyMemCounter	= 250
   811 				
   812 					   .if :0 <> 3
   813 					      .error "CopyMemory error"
   814 				
   815 					   .else
   816 					      ldy #0
   817 				
   818 					      .if :3 <= 256
   819 				copyMemLoop1
   820 						lda :1,y
   821 						sta :2,y
   822 						iny
   823 						.if :3 < 256
   824 							cpy #<:3
   825 						.endif
   826 						bne copyMemLoop1
   827 				
   828 					      .else
   829 					        lda #<:1
   830 					        sta copyMemPtr1
   831 					        lda #>:1
   832 					        sta copyMemPtr1+1
   833 						lda #<:2
   834 						sta copyMemPtr2
   835 						lda #>:2
   836 						sta copyMemPtr2+1
   837 						lda #<:3
   838 						sta copyMemCounter
   839 						lda #>:3
   840 						sta copyMemCounter+1
   841 				
   842 				copyMemLoop2
   843 						lda (copyMemPtr1),y
   844 						sta (copyMemPtr2),y
   845 						iny
   846 						bne copyMemB1
   847 						inc copyMemPtr1+1
   848 						inc copyMemPtr2+1
   849 				copyMemB1
   850 						lda copyMemCounter
   851 						bne copyMemB2
   852 						dec copyMemCounter+1
   853 				copyMemB2
   854 						dec copyMemCounter
   855 				
   856 						lda copyMemCounter
   857 						ora copyMemCounter+1
   858 						bne copyMemLoop2
   859 					      .endif
   860 					   .endif
   861 				
   862 					.endm
   863
   864
   865 				;--------------------------------------------------------------------------------
   866 				; CreateDisplayList [DL address] [DL mode] [memory address]
   867 				; (remember to not cross the 1K limit.. and the 4K limit)
   868 				;--------------------------------------------------------------------------------
   869
   870 				; 	.macro CreateDisplayList
   871 				; 	   .if :0 <> 3
   872 				; 	      .error "CreateDisplayList error"
   873 				; 
   874 				; 	   .else
   875 				; 
   876 				; 	   .endif
   877 				; 
   878 				; 	.endm
   879
   880
   881 				;--------------------------------------------------------------------------------
   882 				;
   883 				;--------------------------------------------------------------------------------
   884
   885
   886
     4
     5 = 2000			start_data =$2000
     6 = A000			start_cartridge =$a000
     7 = 2000			cart_length =$2000
     8 = 6000			buffer = $6000
     9 = D5FF			cart_off =$D5FF
    10
    11 = 0040			write_enable = $40
    12 = 0004			write_enable2 = $04
    13
    14 = 0013			dir_lines = 19
    15 = 0026			num_files = dir_lines*2
    16
    17 = 00CB			pt_1 = $cb
    18 = 00CD			pt_2 = $cd
    19 = 00CF			pt_3 = $cf
    20
    21
    22 				//Determinamos macros
    23
    24 				//Partimos con seleccionar el banco
    25 				//Formato: banco x,y
    26 				//x = Cartridge bank to activate
    27 				//y= 0 if its for reading, Y=1 read/write
    28 				.macro banco
    29 				.if :0 <> 2 
    30 					.error "banco sin parámetros"
    31 				.else
    32 					.if :1 < 256
    33 						lda #:1
    34 						.if :2 = 1
    35 							ora #write_enable
    36 						.endif
    37 						tax
    38 						sta $d500,x
    39 					.else
    40 						lda :1
    41 						.if :2 = 1
    42 							;ora #write_enable
    43 							ora value_write
    44 						.endif
    45 						tax
    46 						sta $d500,x
    47 					.endif
    48 				.endif 
    49 				.endm
    50
    51 				//Realiza un print en la pantalla hasta encontrar un RETURN ($9b).
    52 				//Uso: print mem_addr
    53 				.macro print
    54 				.if :0 <> 1
    55 					.error "print sin parámetros"
    56 				.else
    57 					ldx #<:1
    58 					ldy #>:1
    59 					jsr pr
    60 				.endif
    61 				.endm
    62 					
    63
    64 				//print2: imprime una cantidad fija de caracteres según un largo definido.
    65 				//Uso: print2 mem_addr, num_caracteres
    66 				.macro print2
    67 				.if :0 <> 2
    68 					.error "print2 sin parámetros"
    69 				.else
    70 					ldx #<:1
    71 					ldy #>:1
    72 					lda #:2
    73 					jsr pr2
    74 				.endif
    75 				.endm
    76
    77
    78
    79 				//Cierra el canal solicitado.
    80 				//Uso: close channel
    81 				.macro close
    82 				.if :0 <> 1
    83 					.error "close sin parámetros"
    84 				.else
    85 				;	lda #:1
    86 				;	:+4 asl
    87 				;	tax
    88 					ldx #(:1*16)
    89 					lda #$0C	//Close
    90 					sta ICCMD,x
    91 					jsr CIOV
    92 				.endif
    93 				.endm
    94
    95 				//Open: open CIO channel, simmilar to BASIC.
    96 				//Uso: open channel,operation,aux,loc_handler
    97
    98 				.macro open
    99 				.if :0 <> 4
   100 					.error "open sin parámetros"
   101 				.else
   102 				;	lda #:1
   103 				;	:+4 asl
   104 				;	tax
   105 					ldx #(:1*16)
   106 					mva #$03 ICCMD,x	//Open
   107 					mwa #:4	ICBAL,x		//"E:","C:","D:"
   108 					mva #:2	ICAX1,x		//Read and write
   109 					mva #:3 ICAX2,x
   110 					jsr CIOV
   111 				.endif
   112 				.endm
   113
   114 				//CopyM: Copy número de páginas de una dirección a otra.
   115 				.macro CopyM
   116 				//Restricción: sólo utiliza los bytes mayores. Para un movimiento más fino, utilizar CopyMemory
   117 				
   118 				.if :0 <> 3
   119 					.error "CopyM sin parámetros correctos"
   120 				.else
   121 					ldx #>:1
   122 					ldy #>:2
   123 					lda #>:3
   124 					jsr copy
   125 				.endif
   126 				
   127 				
   128 				.endm
   129
   130 				//WriteMemory: Escribe en disco el contenido de memoria
   131 				//Parámetros:
   132 				//  1: Canal a escribir
   133 				//  2: Zona de memoria inicial a escribir
   134 				//  3: Cantidad de bytes
   135 				.macro WriteMemory
   136 				.if :0 <> 3
   137 					.error "WriteMemory sin parámetros correctos"
   138 				.else
   139 				;	lda #:1
   140 				;	:+4 asl
   141 				;	tax
   142 					ldx #(:1*16)
   143 					mwa #:2 ICBAL,x
   144 					mwa #:3 ICBLL,x
   145 					mva #11 ICCMD,X
   146 					jsr ciov
   147 				.endif
   148 				.endm
   149
   150 				//ReadDisk: lee del disco el contenido y guarda en memoria
   151 				//Parámetros:
   152 				//  1: Canal del cual leer
   153 				//  2: Zona de memoria al cual grabar
   154 				//  3: Cantidad de bytes
   155 				.macro ReadDisk
   156 				.if :0 <> 3
   157 					.error "ReadDisk sin parámetros correctos"
   158 				.else
   159 				;	lda #:1
   160 				;	:+4 asl
   161 				;	tax
   162 					ldx #(:1*16)
   163 					mwa #:2 ICBAL,x
   164 					mwa #:3 ICBLL,x
   165 					mva #7 ICCMD,X
   166 					jsr ciov
   167 				.endif
   168 				.endm
   169
   170
   171 				//WriteCart: Escribe en cartridge el contenido de memoria
   172 				//Parámetros:
   173 				//  1: Canal a escribir
   174 				//  2: Zona de memoria inicial a escribir
   175 				//  3: Cantidad de bytes
   176 				.macro WriteCart
   177 				.if :0 <> 3
   178 					.error "WriteCart sin parámetros correctos"
   179 				.else
   180 					ReadDisk :1,:2,:3
   181 					CopyM :2,start_cartridge,:3
   182 				.endif
   183 				.endm
   184
   185 				//input: realiza un input por CIO
   186 				//Uso: input canal,dirección a tomar
   187 				.macro input
   188 				.if :0 <> 2
   189 					.error "Input sin parámetros correctos"
   190 				.else
   191 				;	lda #:1
   192 				;	:+4 asl
   193 				;	tax
   194 					ldx #(:1*16)
   195 					mwa #:2 ICBAL,X		;Dirección entregada
   196 					mwa #20 ICBLL,x		;Máximo 20 bytes (Pueden ser más)
   197 					mva #5 ICCMD,x		;Comando INPUT
   198 					jsr ciov		;Ejecute"
   199 				.endif
   200 				
   201 				.endm
   202
   203 				//get: realiza un input por CIO
   204 				//Uso: input canal,dirección a tomar
   205 				.macro get
   206 				.if :0 <> 2
   207 					.error "Get sin parámetros correctos"
   208 				.else
   209 				;	lda #:1
   210 				;	:+4 asl
   211 				;	tax
   212 					ldx #(:1*16)
   213 					mwa #:2 ICBAL,X		;Dirección entregada
   214 					mwa #1 ICBLL,x		;Cantidad de bytes = 1
   215 					mva #7 ICCMD,x		;Realizar una lectura
   216 					jsr ciov		;Ejecute!
   217 				.endif
   218 				
   219 				.endm
   220
   221
   222 					org start_data
   223
   224 				boot_sector
   225 FFFF> 2000-280B> 00		.by $00
   226 2001 01				.by $01		//1 sector to read
   227 2002 00 06			.word $600
   228 2004 06 06			.word $606
   229 2006 38				sec
   230 2007 60				rts
   231 2008 00 00 00 00 00 00 + 	:120 .by $00
   232
   233 2080			LOC_E
   234 2080 45 3A 9B			.by "E:",$9B	;Handler editor E:
   235 2083			LOC_K
   236 2083 4B 3A 9B			.by "K:",$9B	;Handler keyboard
   237 2086			LOC_DISK
   238 2086 44 31 3A 41 41 41 + 	.by "D1:AAAAAAAA.DMP",$9B	;file name (not used now)
   239 2096			LOC_DIR
   240 2096 44 31 3A 2A 2E 2A + 	.by "D1:*.*",$9B		;search directory (not used)
   241 209D			LOC_INPUT
   242 209D 20 20 20 20 20 20 + 	.by "                    "
   243 20B1			dl
   244 20B1 70 70 70			.by $70,$70,$70
   245 20B4 70 70 70 70 70 70 + 	:7 .by $70
   246 20BB 30				.by $30
   247 20BC 42				.by $42				;Primera línea modo ANTIC 2
   248 20BD CA 20			.word screen
   249 20BF 02 02 02 02			:4 .by $02 			;4 líneas más
   250 20C3 70				.by $70
   251 20C4 02 02 02			.by $02,$02,$02
   252 20C7 41				.by $41				;Vuelva
   253 20C8 B1 20			.word dl			;al display list!
   254 					
   255
   256 20CA			screen
   257 20CA 51 52 52 52 52 52 + 	.sb +32,"QRRRRRRRRRRRRRRRRRRRRRRRRRRRRWRRRRRRRRRE"
   258 20F2 7C 21 32 00 24 75 + 	.sb     "|AR Dungeon Char Transfer 1.0|Willysoft|"
   259 211A 41 52 52 52 52 52 + 	.sb +32,"ARRRRRRRRRRRWRRRRRRRRRRRRRRRRXRRRRRRRRRD"
   260 2142 7C				.sb     "|"
   261 2143 B3 B4 A1 B2 B4		.sb +128,"START"
   262 2148 1A				.sb      ":"
   263 2149			screen_start
   264 2149 22 25 27 29 2E		.sb "BEGIN"
   265 214E			screen_start_end
   266
   267 214E 7C				.sb "|"
   268 214F B3 A5 AC A5 A3 B4		.sb +128,"SELECT"
   269 2155 1A				.sb ":"
   270 2156			screen_operation
   271 2156 23 21 32 34 32 29 + 	.sb "CARTRIDGE TO DISK  "
   272 2169			screen_operation_end
   273 = 0013			len_sc_operation= screen_operation_end - screen_operation
   274 2169 7C				.sb "|"
   275 216A 5A 52 52 52 52 52 + 	.sb +32,"ZRRRRRRRRRRRXRRRRRRRRRRRRRRRRRRRRRRRRRRC"
   276
   277 2192			sc_screen_format	
   278 2192 00 00 00 00 00 00 + 	.sb "                                        "
   279 21BA 00 00 00 00 00 00 + 	.sb "                                        "
   280 21E2 00 00 00 00 00 00 + 	.sb "                                        "
   281
   282 220A			sc_format
   283 220A 51 52 52 52 52 52 + 	.sb +32,"QRRRRRRRRRRRRRRRRRRRRRRRRRRRRRRRRRRRRRRE"
   284 2232 7C 00 00 00 30 32 + 	.sb     "|   PRESS "
   285 223C B2 A5 B4 B5 B2 AE		.sb +128,"RETURN"
   286 2242 00 00 34 2F 00 26 + 	.sb "  TO FORMAT DISKETTE   |"
   287 225A 5A 52 52 52 52 52 + 	.sb +32,"ZRRRRRRRRRRRRRRRRRRRRRRRRRRRRRRRRRRRRRRC"
   288 2282			sc_format_end
   289 = 0078			len_sc_format=sc_format_end-sc_format
   290
   291 2282			sc_cart_error
   292 2282 51 52 52 52 52 52 + 	.sb +32,"QRRRRRRRRRRRRRRRRRRRRRRRRRRRRRRRRRRRRRRE"
   293 22AA 7C 00 00 00			.sb     "|   "
   294 22AE A5 B2 B2 AF B2 9A		.sb +128,"ERROR:"
   295 22B4 00 2E 2F 00 23 28 + 	.sb " NO CHARACTER ON CARTRIDGE   |"
   296 22D2 5A 52 52 52 52 52 + 	.sb +32,"ZRRRRRRRRRRRRRRRRRRRRRRRRRRRRRRRRRRRRRRC"
   297 22FA			sc_cart_error_end
   298 = 0078			len_sc_cart_error = sc_cart_error_end - sc_cart_error
   299
   300
   301 22FA			sc_disk_error
   302 22FA 51 52 52 52 52 52 + 	.sb +32,"QRRRRRRRRRRRRRRRRRRRRRRRRRRRRRRRRRRRRRRE"
   303 2322 7C 00 00 00			.sb     "|   "
   304 2326 A5 B2 B2 AF B2 9A		.sb +128,"ERROR:"
   305 232C 00 00 2E 2F 00 23 + 	.sb "  NO CHARACTER ON DISKETTE   |"
   306 234A 5A 52 52 52 52 52 + 	.sb +32,"ZRRRRRRRRRRRRRRRRRRRRRRRRRRRRRRRRRRRRRRC"
   307 2372			sc_disk_error_end
   308 = 0078			len_sc_disk_error = sc_disk_error_end - sc_disk_error
   309
   310
   311 2372			sc_cart				;00
   312 2372 23 21 32 34 32 29 + 	.sb "CARTRIDGE TO DISK  "
   313 2385			sc_disk
   314 2385 24 29 33 2B 00 34 + 	.sb "DISK TO CARTRIDGE  "
   315
   316 2398			text_check
   317 2398 41 52 20 43 48 41 + 	.by "AR CHAR!"	//Header to check on disk or cartridge
   318 23A0			text_check_end
   319 = 0008			len_text_check = text_check_end - text_check
   320
   321 23A0			BEEP
   322 23A0 FD				.by $FD		//Beep sound
   323
   324 23A1			flag_busy
   325 23A1 00				.by $00
   326
   327 23A2			flag_operation
   328 23A2 00				.by $00
   329 23A3			flag_start
   330 23A3 00				.by $00
   331
   332 23A4			consol_previous
   333 23A4 08				.by $08
   334
   335 23A5			key
   336 23A5 00				.by $00
   337 					
   338 				//Format cartridge routine for AR Dungeon.
   339 23A6			.proc format_cartridge
   340 23A6 A9 0A			lda #$0a
   341 23A8 20 D2 23			jsr erasebk	//Erase bank $0a (Header info)
   342 23AB A9 0B			lda #$0b
   343 23AD 20 D2 23			jsr erasebk	//Erase bank $0b (save state 1)
   344 23B0 A9 0C			lda #$0c
   345 23B2 20 D2 23			jsr erasebk	//Erase bank $0c (save state 2)
   346 23B5 A9 0D			lda #$0d
   347 23B7 20 D2 23			jsr erasebk	//Erase bank $0d (save state 3)
   348 23BA A9 0E			lda #$0e
   349 23BC 20 D2 23			jsr erasebk	//Erase bank $0e (save state 4)
   350 23BF A9 FF			lda #$ff
   351 23C1 8D FF D5			sta cart_off
   352 23C4 A0 01			ldy #$01	// All done without errors
   353 23C6 60				rts		//Formatting successful
   354 				.endp
   355
   356 23C7			.proc setsec
   357 23C7 29 0F			and #$0F	//Only $00-$0F allowed
   358 23C9 18				clc		//Just to not set bit 7 to 1 accidentally
   359 23CA 2A				rol		//*2
   360 23CB 2A				rol		//*4
   361 23CC 2A				rol		//*8
   362 23CD AA				tax
   363 23CE 9D 00 D5			sta $d500,x	//Change bank!
   364 23D1 60				rts
   365 				.endp
   366
   367 23D2			.proc erasebk
   368 23D2 8E 10 24			stx temp_x
   369 23D5 48				pha
   370 23D6 20 18 24			jsr cmd_unlock		//First two cycles!
   371 23D9 A9 80			lda #$80
   372 23DB 20 11 24			jsr wr5555		//Third cycle!
   373 23DE 20 18 24			jsr cmd_unlock		//Fourth and fifth cycles!
   374 23E1 68				pla
   375 23E2 20 C7 23			jsr setsec
   376 23E5 A9 30			lda #$30		//Sixth and final cycle!
   377 23E7 8D 00 A0			sta start_cartridge	//Erase!
   378 					
   379 				//Poll_write: wait until the erase is finished.
   380 23EA			poll_write
   381 23EA A9 00			lda #$00
   382 23EC 8D 0F 24			sta pollsame
   383 23EF			@poll_again
   384 23EF AD 00 A0			lda start_cartridge
   385 23F2 CD 00 A0			cmp start_cartridge
   386 23F5 D0 F3			bne poll_write
   387 23F7 CD 00 A0			cmp start_cartridge
   388 23FA D0 EE			bne poll_write
   389 23FC CD 00 A0			cmp start_cartridge
   390 23FF D0 E9			bne poll_write
   391 2401 EE 0F 24			inc pollsame
   392 2404 D0 E9			bne @poll_again
   393 2406 A9 FF			lda #$ff
   394 2408 8D FF D5			sta cart_off
   395 240B AE 10 24			ldx temp_x
   396 240E 60				rts
   397 240F			pollsame
   398 240F 00				.by $00
   399 2410 00			temp_x	.by $00
   400 				.endp
   401
   402 2411			.proc wr5555
   403 2411 8D 42 D5			sta $d542	//Setting third bank from second chip.
   404 2414 8D 55 B5			sta $b555	//Store on $5555!
   405 2417 60				rts
   406 				.endp
   407
   408 2418			.proc cmd_unlock
   409 2418 A9 AA			lda #$AA	//Store $aa on $5555
   410 241A 20 11 24			jsr wr5555	//Do it!
   411 241D A9 55			lda #$55	//Store $55 on $2aaa
   412 				.endp
   413
   414 241F			.proc wr2AAA
   415 241F 8D 41 D5			sta $d541	//Setting second bank from second chip.
   416 2422 8D AA AA			sta $aaaa	//Store on $2aaa
   417 2425 60				rts
   418
   419 				.endp
   420
   421 2426			.proc enable_write
   422 2426 8E 3B 24			stx temp_x
   423 2429 48				pha
   424 242A 20 18 24			jsr cmd_unlock	//First and second cycle
   425 242D A9 A0			lda #$a0
   426 242F 20 11 24			jsr wr5555	//Third cycle
   427 2432			enable_write_cont
   428 2432 68				pla
   429 2433 AA				tax
   430 2434 9D 00 D5			sta $d500,x
   431 2437 AE 3B 24			ldx temp_x
   432 243A 60				rts
   433 243B			temp_x
   434 243B 00				.by $00
   435 				.endp
   436
   437 243C			.proc WriteM
   438 243C				WriteMemory 1,start_cartridge,cart_length
Macro: WRITEMEMORY [Source: C:\Users\admin\OneDrive\Guille\Eclipse\workplace\WUDSN\GitHub\ARDungeonCartridge\ARDungeonCharTransfer\ARCharTransfer.asm]
     7 243C A2 10			ldx #(1*16)
     8 243E A9 00 9D 44 03 A9 + 	mwa #START_CARTRIDGE ICBAL,x
     9 2448 A9 00 9D 48 03 A9 + 	mwa #CART_LENGTH ICBLL,x
    10 2452 A9 0B 9D 42 03		mva #11 ICCMD,X
    11 2457 20 56 E4			jsr ciov
Source: C:\Users\admin\OneDrive\Guille\Eclipse\workplace\WUDSN\GitHub\ARDungeonCartridge\ARDungeonCharTransfer\ARCharTransfer.asm
   439 245A 60				rts
   440 				.endp
   441
   442 245B			.proc get_key
   443 245B				get 1,key
Macro: GET [Source: C:\Users\admin\OneDrive\Guille\Eclipse\workplace\WUDSN\GitHub\ARDungeonCartridge\ARDungeonCharTransfer\ARCharTransfer.asm]
     7 245B A2 10			ldx #(1*16)
     8 245D A9 A5 9D 44 03 A9 + 	mwa #KEY ICBAL,X		;Dirección entregada
     9 2467 A9 01 9D 48 03 A9 + 	mwa #1 ICBLL,x		;Cantidad de bytes = 1
    10 2471 A9 07 9D 42 03		mva #7 ICCMD,x		;Realizar una lectura
    11 2476 20 56 E4			jsr ciov		;Ejecute!
Source: C:\Users\admin\OneDrive\Guille\Eclipse\workplace\WUDSN\GitHub\ARDungeonCartridge\ARDungeonCharTransfer\ARCharTransfer.asm
   444 2479 60				rts
   445 				.endp
   446
   447 247A			.proc wait_return
   448 247A			start
   449 247A AD FC 02			lda CH
   450 247D C9 FF			cmp #$ff	//Key pressed?
   451 247F D0 F9			bne start	//Nope, start over!
   452 2481 20 5B 24			jsr get_key //Get key
   453 2484 A9 FF			lda #$ff	//Erase last key pressed
   454 2486 8D FC 02			sta CH		//Done!
   455 2489 AD A5 23			lda key		//Read key
   456 248C C9 9B			cmp #$9b	//Is it Return?
   457 248E D0 EA			bne start	//No, let's do it again.
   458 2490 60				rts			//Yes, return
   459 				.endp
   460
   461 2491			.proc format_disk
   462 2491 A9 31 8D 00 03		mva #$31 DDEVIC
   463 2496 A9 01 8D 01 03		mva #$01 DUNIT
   464 249B A9 21 8D 02 03		mva #$21 DCOMND
   465 24A0 A9 80 8D 0A 03		mva #$80 daux1
   466 24A5 A9 00 8D 0B 03		mva #$00 daux2
   467 24AA 20 59 E4			jsr siov
   468 24AD 60				rts
   469 					
   470 				.endp
   471
   472 24AE			.proc write_disk
   473
   474 				//Character 1
   475 24AE				banco $58,0
Macro: BANCO [Source: C:\Users\admin\OneDrive\Guille\Eclipse\workplace\WUDSN\GitHub\ARDungeonCartridge\ARDungeonCharTransfer\ARCharTransfer.asm]
     5 24AE A9 58				lda #$58
     9 24B0 AA					tax
    10 24B1 9D 00 D5				sta $d500,x
Source: C:\Users\admin\OneDrive\Guille\Eclipse\workplace\WUDSN\GitHub\ARDungeonCartridge\ARDungeonCharTransfer\ARCharTransfer.asm
   476 24B4 A2 03			ldx #$03
   477 24B6 A0 00			ldy #$00
   478 24B8 20 E3 24			jsr write_char
   479 				//Character 2
   480 24BB				banco $60,0
Macro: BANCO [Source: C:\Users\admin\OneDrive\Guille\Eclipse\workplace\WUDSN\GitHub\ARDungeonCartridge\ARDungeonCharTransfer\ARCharTransfer.asm]
     5 24BB A9 60				lda #$60
     9 24BD AA					tax
    10 24BE 9D 00 D5				sta $d500,x
Source: C:\Users\admin\OneDrive\Guille\Eclipse\workplace\WUDSN\GitHub\ARDungeonCartridge\ARDungeonCharTransfer\ARCharTransfer.asm
   481 24C1 A2 BB			ldx #$bb
   482 24C3 A0 00			ldy #$00
   483 24C5 20 E3 24			jsr write_char
   484 				//Character 3
   485 24C8				banco $68,0
Macro: BANCO [Source: C:\Users\admin\OneDrive\Guille\Eclipse\workplace\WUDSN\GitHub\ARDungeonCartridge\ARDungeonCharTransfer\ARCharTransfer.asm]
     5 24C8 A9 68				lda #$68
     9 24CA AA					tax
    10 24CB 9D 00 D5				sta $d500,x
Source: C:\Users\admin\OneDrive\Guille\Eclipse\workplace\WUDSN\GitHub\ARDungeonCartridge\ARDungeonCharTransfer\ARCharTransfer.asm
   486 24CE A2 73			ldx #$73
   487 24D0 A0 01			ldy #$01
   488 24D2 20 E3 24			jsr write_char
   489 				//Character 4
   490 24D5				banco $70,0
Macro: BANCO [Source: C:\Users\admin\OneDrive\Guille\Eclipse\workplace\WUDSN\GitHub\ARDungeonCartridge\ARDungeonCharTransfer\ARCharTransfer.asm]
     5 24D5 A9 70				lda #$70
     9 24D7 AA					tax
    10 24D8 9D 00 D5				sta $d500,x
Source: C:\Users\admin\OneDrive\Guille\Eclipse\workplace\WUDSN\GitHub\ARDungeonCartridge\ARDungeonCharTransfer\ARCharTransfer.asm
   491 24DB A2 2B			ldx #$2b
   492 24DD A0 02			ldy #$02
   493 24DF 20 E3 24			jsr write_char
   494 24E2 60				rts
   495 				.endp
   496
   497 24E3			.proc write_char
   498 24E3 8E 0A 03			stx daux1
   499 24E6 8C 0B 03			sty daux2
   500 24E9 A9 00 8D 04 03 A9 + 	mwa #$a000 dbuflo
   501 24F3 A9 50 8D 02 03		mva #$50 dcomnd
   502 24F8 A9 26 8D 1C 25		mva #$26 sec_count	//$26 sectors to write.
   503 24FD			loop
   504 24FD 20 53 E4			jsr dskinv
   505 2500 EE 0A 03			inc daux1
   506 2503 D0 03			bne noincdaux2
   507 2505 EE 0B 03			inc daux2
   508 2508			noincdaux2
   509 2508 18				clc
   510 2509 AD 04 03			lda dbuflo
   511 250C 69 80			adc #$80
   512 250E 8D 04 03			sta dbuflo
   513 2511 90 03			bcc noincdbufhi
   514 2513 EE 05 03			inc dbufhi
   515 2516			noincdbufhi
   516 2516 CE 1C 25			dec sec_count
   517 2519 D0 E2			bne loop
   518 251B 60				rts
   519
   520 251C			sec_count
   521 251C 00				.by $00
   522 				.endp
   523
   524
   525 251D			.proc write_cartridge
   526 251D A2 01			ldx #$01			//First sector LSB
   527 251F A0 00			ldy #$00			//First sector MSB
   528 2521 A9 02			lda #$02			//2 sectors to read
   529 2523 20 6E 25			jsr read_char		//Do it!
   530 2526 A9 50			lda #$50			//Bank $50 to write (Sector $A
   531 2528 A2 01			ldx #$01			//$100 bytes to write
   532 252A 20 A6 25			jsr write_char_cart	//Do it!
   533
   534
   535 				//First character
   536 252D A2 03			ldx #$03			//Sector 3 LSB
   537 252F A0 00			ldy #$00			//Sector 3 MSB
   538 2531 A9 26			lda #$26			//$26 sectors to read
   539 2533 20 6E 25			jsr read_char		//Do it!
   540 2536 A9 58			lda #$58			//Bank $58 (Sector $B)
   541 2538 A2 13			ldx #$13			//$1300 bytes to write
   542 253A 20 A6 25			jsr write_char_cart	//Do it!
   543
   544 				//Second character
   545 253D A2 BB			ldx #$bb
   546 253F A0 00			ldy #$00
   547 2541 A9 26			lda #$26
   548 2543 20 6E 25			jsr read_char
   549 2546 A9 60			lda #$60
   550 2548 A2 13			ldx #$13
   551 254A 20 A6 25			jsr write_char_cart
   552
   553 				//Third character
   554 254D A2 73			ldx #$73
   555 254F A0 01			ldy #$01
   556 2551 A9 26			lda #$26
   557 2553 20 6E 25			jsr read_char
   558 2556 A9 68			lda #$68
   559 2558 A2 13			ldx #$13
   560 255A 20 A6 25			jsr write_char_cart
   561
   562 				//Fourth character
   563 255D A2 2B			ldx #$2b
   564 255F A0 02			ldy #$02
   565 2561 A9 26			lda #$26
   566 2563 20 6E 25			jsr read_char
   567 2566 A9 70			lda #$70
   568 2568 A2 13			ldx #$13
   569 256A 20 A6 25			jsr write_char_cart
   570 					
   571 256D 60				rts
   572 				.endp
   573
   574 256E			.proc read_char
   575 256E 8E 0A 03			stx daux1
   576 2571 8C 0B 03			sty daux2
   577 2574 8D A5 25			sta sec_count
   578 2577 A9 52 8D 02 03		mva #$52 dcomnd
   579 257C A9 00 8D 04 03 A9 + 	mwa #buffer dbuflo
   580 2586			loop
   581 2586 20 53 E4			jsr dskinv
   582 2589 EE 0A 03			inc daux1
   583 258C D0 03			bne noincdaux2
   584 258E EE 0B 03			inc daux2
   585 2591			noincdaux2
   586 2591 AD 04 03			lda dbuflo
   587 2594 18				clc
   588 2595 69 80			adc #$80
   589 2597 8D 04 03			sta dbuflo
   590 259A 90 03			bcc noincdbufhi
   591 259C EE 05 03			inc dbufhi
   592 259F			noincdbufhi
   593 259F CE A5 25			dec sec_count
   594 25A2 D0 E2			bne loop
   595 25A4 60				rts
   596 25A5			sec_count
   597 25A5 00				.by $00
   598 				.endp
   599
   600 25A6			.proc write_char_cart
   601 25A6 86 D0			stx pt_3+1
   602 25A8 8D E6 25			sta bank
   603 25AB A9 00 85 CF			mva #$00 pt_3
   604 25AF A9 00 85 CB A9 60 + 	mwa #buffer pt_1
   605 25B7 A9 00 85 CD A9 A0 + 	mwa #$a000 pt_2
   606 25BF			loop
   607 25BF AD E6 25			lda bank
   608 25C2 20 26 24			jsr enable_write
   609 25C5 A0 00			ldy #$00
   610 25C7 B1 CB			lda (pt_1),y
   611 25C9 91 CD			sta (pt_2),y
   612 25CB E6 CB			inc pt_1
   613 25CD D0 02			bne noinc_pt1_1
   614 25CF E6 CC			inc pt_1+1
   615 25D1			noinc_pt1_1
   616 25D1 E6 CD			inc pt_2
   617 25D3 D0 02			bne noinc_pt2_1
   618 25D5 E6 CE			inc pt_2+1
   619 25D7			noinc_pt2_1
   620 25D7 A5 CF			lda pt_3
   621 25D9 D0 02			bne nodec_pt3_1
   622 25DB C6 D0			dec pt_3+1
   623 25DD			nodec_pt3_1
   624 25DD C6 CF			dec pt_3
   625 25DF A5 CF			lda pt_3
   626 25E1 05 D0			ora pt_3+1
   627 25E3 D0 DA			bne loop
   628 25E5 60				rts
   629 25E6			bank
   630 25E6 00				.by $00
   631 				.endp
   632
   633 25E7			.proc cart_check
   634 25E7				banco $50,0
Macro: BANCO [Source: C:\Users\admin\OneDrive\Guille\Eclipse\workplace\WUDSN\GitHub\ARDungeonCartridge\ARDungeonCharTransfer\ARCharTransfer.asm]
     5 25E7 A9 50				lda #$50
     9 25E9 AA					tax
    10 25EA 9D 00 D5				sta $d500,x
Source: C:\Users\admin\OneDrive\Guille\Eclipse\workplace\WUDSN\GitHub\ARDungeonCartridge\ARDungeonCharTransfer\ARCharTransfer.asm
   635 25ED A2 07			ldx #len_text_check-1
   636 25EF			loop
   637 25EF BD 80 A0			lda $a080,x
   638 25F2 DD 98 23			cmp text_check,x
   639 25F5 D0 05			bne no_check
   640 25F7 CA				dex
   641 25F8 10 F5			bpl loop
   642 25FA 18				clc
   643 25FB 60				rts
   644 25FC			no_check
   645 25FC 38				sec
   646 25FD 60				rts
   647 				.endp
   648
   649 25FE			.proc disk_check
   650 25FE A9 31 8D 00 03		mva #$31 ddevic
   651 2603 A9 01 8D 01 03		mva #$01 dunit
   652 2608 A9 52 8D 02 03		mva #$52 dcomnd
   653 260D A9 02 8D 0A 03 A9 + 	mwa #$0002 daux1
   654 2617 A9 00 8D 04 03 A9 + 	mwa #buffer dbuflo
   655 2621 20 53 E4			jsr dskinv
   656 2624 A2 07			ldx #len_text_check-1
   657 2626			loop
   658 2626 BD 00 60			lda buffer,x
   659 2629 DD 98 23			cmp text_check,x
   660 262C D0 05			bne no_check
   661 262E CA				dex
   662 262F 10 F5			bpl loop
   663 2631 18				clc
   664 2632 60				rts
   665 2633			no_check
   666 2633 38				sec
   667 2634 60				rts
   668 				.endp
   669 2635			.proc error_cart
   670 2635 A2 77			ldx #len_sc_format-1
   671 2637			loop
   672 2637 BD 82 22			lda sc_cart_error,x
   673 263A 9D 92 21			sta sc_screen_format,x
   674 263D CA				dex
   675 263E 10 F7			bpl loop
   676 2640				writememory 0,beep,1
Macro: WRITEMEMORY [Source: C:\Users\admin\OneDrive\Guille\Eclipse\workplace\WUDSN\GitHub\ARDungeonCartridge\ARDungeonCharTransfer\ARCharTransfer.asm]
     7 2640 A2 00			ldx #(0*16)
     8 2642 A9 A0 9D 44 03 A9 + 	mwa #BEEP ICBAL,x
     9 264C A9 01 9D 48 03 A9 + 	mwa #1 ICBLL,x
    10 2656 A9 0B 9D 42 03		mva #11 ICCMD,X
    11 265B 20 56 E4			jsr ciov
Source: C:\Users\admin\OneDrive\Guille\Eclipse\workplace\WUDSN\GitHub\ARDungeonCartridge\ARDungeonCharTransfer\ARCharTransfer.asm
   677 265E 60				rts
   678 				.endp
   679
   680 265F			.proc error_disk
   681 265F A2 77			ldx #len_sc_format-1
   682 2661			loop
   683 2661 BD FA 22			lda sc_disk_error,x
   684 2664 9D 92 21			sta sc_screen_format,x
   685 2667 CA				dex
   686 2668 10 F7			bpl loop
   687 266A				writememory 0,beep,1
Macro: WRITEMEMORY [Source: C:\Users\admin\OneDrive\Guille\Eclipse\workplace\WUDSN\GitHub\ARDungeonCartridge\ARDungeonCharTransfer\ARCharTransfer.asm]
     7 266A A2 00			ldx #(0*16)
     8 266C A9 A0 9D 44 03 A9 + 	mwa #BEEP ICBAL,x
     9 2676 A9 01 9D 48 03 A9 + 	mwa #1 ICBLL,x
    10 2680 A9 0B 9D 42 03		mva #11 ICCMD,X
    11 2685 20 56 E4			jsr ciov
Source: C:\Users\admin\OneDrive\Guille\Eclipse\workplace\WUDSN\GitHub\ARDungeonCartridge\ARDungeonCharTransfer\ARCharTransfer.asm
   688 2688 60				rts
   689 				.endp
   690
   691 2689			.proc vbi
   692 2689 AD 13 D0			lda trig3
   693 268C 8D FA 03			sta gintlk		//No cartridge lockup!
   694 268F A5 4D			lda atract
   695 2691 30 04			bmi vbi_end
   696 2693 A9 00			lda #$00
   697 2695 85 4D			sta atract
   698 2697			vbi_end
   699 2697 4C 5F E4			jmp sysvbv
   700 				.endp
   701
   702 269A			.proc vbd
   703 269A AD A1 23			lda flag_busy
   704 269D D0 37			bne vbd_end
   705 269F AD 1F D0			lda consol
   706 26A2 CD A4 23			cmp consol_previous
   707 26A5 F0 2F			jeq vbd_end
   708 26A7 8D A4 23			sta consol_previous
   709 26AA 4A				lsr		; START?
   710 26AB B0 07			bcs vbd_2	; No!
   711 26AD 48				pha
   712
   713 26AE A9 01			lda #$01
   714 26B0 8D A3 23			sta flag_start
   715
   716 26B3 68				pla
   717 26B4			vbd_2
   718 26B4 4A				lsr 		; SELECT?
   719 26B5 B0 1C			bcs vbd_3	; No!
   720 26B7 48				pha
   721 26B8 A2 25			ldx #37
   722 26BA A0 12			ldy #18
   723 26BC AD A2 23			lda flag_operation
   724 26BF 49 01			eor #$01
   725 26C1 8D A2 23			sta flag_operation
   726 26C4 D0 02			bne vbd_2_write
   727 26C6 A2 12			ldx #18
   728 26C8			vbd_2_write
   729 26C8 BD 72 23			lda sc_cart,x
   730 26CB 99 56 21			sta screen_operation,y
   731 26CE CA				dex
   732 26CF 88				dey
   733 26D0 10 F6			bpl vbd_2_write
   734 26D2 68				pla
   735 26D3			vbd_3
   736 26D3 4A				lsr		;OPTION?
   737 26D4 B0 00			bcs vbd_end	;NO!
   738 				;	lda #$01
   739 				;	sta flag_dir
   740 26D6			vbd_end
   741 26D6 4C 62 E4			jmp xitvbv
   742 				.endp
   743
   744 26D9			.proc screen_erase
   745 26D9 A9 00			lda #$00
   746 26DB A2 77			ldx #len_sc_format-1
   747 26DD			loop
   748 26DD 9D 92 21			sta sc_screen_format,x
   749 26E0 CA				dex
   750 26E1 10 FA			bpl loop
   751 26E3 60				rts
   752 				.endp
   753 					
   754 26E4			start
   755 26E4 20 D9 26			jsr screen_erase
   756 26E7			start2
   757 26E7 AD 01 D3			lda portb
   758 26EA 09 FE			ora #$fe	//No BASIC, maintain SIO patch if there's any.
   759 26EC 8D 01 D3			sta portb
   760 26EF A9 01 8D F8 03		mva #$01 basicf
   761 26F4				close 0
Macro: CLOSE [Source: C:\Users\admin\OneDrive\Guille\Eclipse\workplace\WUDSN\GitHub\ARDungeonCartridge\ARDungeonCharTransfer\ARCharTransfer.asm]
     7 26F4 A2 00			ldx #(0*16)
     8 26F6 A9 0C			lda #$0C	//Close
     9 26F8 9D 42 03			sta ICCMD,x
    10 26FB 20 56 E4			jsr CIOV
Source: C:\Users\admin\OneDrive\Guille\Eclipse\workplace\WUDSN\GitHub\ARDungeonCartridge\ARDungeonCharTransfer\ARCharTransfer.asm
   762 26FE				close 1
Macro: CLOSE [Source: C:\Users\admin\OneDrive\Guille\Eclipse\workplace\WUDSN\GitHub\ARDungeonCartridge\ARDungeonCharTransfer\ARCharTransfer.asm]
     7 26FE A2 10			ldx #(1*16)
     8 2700 A9 0C			lda #$0C	//Close
     9 2702 9D 42 03			sta ICCMD,x
    10 2705 20 56 E4			jsr CIOV
Source: C:\Users\admin\OneDrive\Guille\Eclipse\workplace\WUDSN\GitHub\ARDungeonCartridge\ARDungeonCharTransfer\ARCharTransfer.asm
   763 2708 A9 A0 85 6A			mva #$a0 RAMTOP
   764 270C				open 0,12,0,LOC_E
Macro: OPEN [Source: C:\Users\admin\OneDrive\Guille\Eclipse\workplace\WUDSN\GitHub\ARDungeonCartridge\ARDungeonCharTransfer\ARCharTransfer.asm]
     7 270C A2 00			ldx #(0*16)
     8 270E A9 03 9D 42 03		mva #$03 ICCMD,x	//Open
     9 2713 A9 80 9D 44 03 A9 + 	mwa #LOC_E	ICBAL,x		//"E:","C:","D:"
    10 271D A9 0C 9D 4A 03		mva #12	ICAX1,x		//Read and write
    11 2722 A9 00 9D 4B 03		mva #0 ICAX2,x
    12 2727 20 56 E4			jsr CIOV
Source: C:\Users\admin\OneDrive\Guille\Eclipse\workplace\WUDSN\GitHub\ARDungeonCartridge\ARDungeonCharTransfer\ARCharTransfer.asm
   765 272A				open 1,4,0,LOC_K
Macro: OPEN [Source: C:\Users\admin\OneDrive\Guille\Eclipse\workplace\WUDSN\GitHub\ARDungeonCartridge\ARDungeonCharTransfer\ARCharTransfer.asm]
     7 272A A2 10			ldx #(1*16)
     8 272C A9 03 9D 42 03		mva #$03 ICCMD,x	//Open
     9 2731 A9 83 9D 44 03 A9 + 	mwa #LOC_K	ICBAL,x		//"E:","C:","D:"
    10 273B A9 04 9D 4A 03		mva #4	ICAX1,x		//Read and write
    11 2740 A9 00 9D 4B 03		mva #0 ICAX2,x
    12 2745 20 56 E4			jsr CIOV
Source: C:\Users\admin\OneDrive\Guille\Eclipse\workplace\WUDSN\GitHub\ARDungeonCartridge\ARDungeonCharTransfer\ARCharTransfer.asm
   766 2748 A9 B1 8D 30 02 A9 + 	mwa #dl SDLSTL
   767 2752 A9 00 8D A1 23		mva #$00 flag_busy	//just a flag
   768 2757 A9 00 8D C6 02		mva #$00 color2
   769 275C A9 0F 8D C5 02		mva #$0f color1
   770 2761 A2 26			ldx #>vbi
   771 2763 A0 89			ldy #<vbi
   772 2765 A9 06			lda #VBI_I
   773 2767 20 5C E4			jsr setvbv			//Set VBI to prevent cartridge lockup
   774 276A A2 26			ldx #>vbd
   775 276C A0 9A			ldy #<vbd
   776 276E A9 07			lda #VBI_D
   777 2770 20 5C E4			jsr setvbv			//VBD to look on consol keys.
   778
   779 2773			loop_start
   780 2773 AD A3 23			lda flag_start
   781 2776 F0 FB			beq loop_start
   782
   783 2778 20 D9 26			jsr screen_erase
   784 277B 8D A1 23			sta flag_busy
   785 277E CE A3 23			dec flag_start
   786 2781 AD A2 23			lda flag_operation		//DISK to CART or CART to DISK?
   787 2784 D0 72			jne no_to_disk
   788 2786 20 E7 25			jsr cart_check
   789 2789 90 06			bcc no_cart_error
   790 278B 20 35 26			jsr error_cart
   791 278E 4C E7 26			jmp start2
   792
   793 2791			no_cart_error
   794 2791 A2 77			ldx #len_sc_format-1
   795 2793			start_loop_sc_format
   796 2793 BD 0A 22			lda sc_format,x
   797 2796 9D 92 21			sta sc_screen_format,x
   798 2799 CA				dex
   799 279A 10 F7			bpl start_loop_sc_format
   800 					
   801 					
   802 279C				writememory 0,beep,1	//Make a beep sound! That's the legal way
Macro: WRITEMEMORY [Source: C:\Users\admin\OneDrive\Guille\Eclipse\workplace\WUDSN\GitHub\ARDungeonCartridge\ARDungeonCharTransfer\ARCharTransfer.asm]
     7 279C A2 00			ldx #(0*16)
     8 279E A9 A0 9D 44 03 A9 + 	mwa #BEEP ICBAL,x
     9 27A8 A9 01 9D 48 03 A9 + 	mwa #1 ICBLL,x
    10 27B2 A9 0B 9D 42 03		mva #11 ICCMD,X
    11 27B7 20 56 E4			jsr ciov
Source: C:\Users\admin\OneDrive\Guille\Eclipse\workplace\WUDSN\GitHub\ARDungeonCartridge\ARDungeonCharTransfer\ARCharTransfer.asm
   803 27BA 20 7A 24			jsr wait_return
   804 27BD 20 91 24			jsr format_disk
   805 27C0 A9 01 8D 0A 03 A9 + 	mwa #$0001 daux1
   806 27CA A9 00 8D 04 03 A9 + 	mwa #boot_sector dbuflo
   807 27D4 A9 50 8D 02 03		mva #$50 dcomnd
   808 27D9 20 53 E4			jsr dskinv
   809 27DC				banco $50,0
Macro: BANCO [Source: C:\Users\admin\OneDrive\Guille\Eclipse\workplace\WUDSN\GitHub\ARDungeonCartridge\ARDungeonCharTransfer\ARCharTransfer.asm]
     5 27DC A9 50				lda #$50
     9 27DE AA					tax
    10 27DF 9D 00 D5				sta $d500,x
Source: C:\Users\admin\OneDrive\Guille\Eclipse\workplace\WUDSN\GitHub\ARDungeonCartridge\ARDungeonCharTransfer\ARCharTransfer.asm
   810 27E2 A9 80 8D 04 03 A9 + 	mwa #$a080 dbuflo
   811 27EC EE 0A 03			inc daux1
   812 27EF 20 53 E4			jsr dskinv
   813 27F2 20 AE 24			jsr write_disk
   814 27F5 4C E4 26			jmp start
   815
   816
   817 27F8			no_to_disk
   818 27F8 20 FE 25			jsr disk_check
   819 27FB 90 06			bcc no_disk_error
   820 27FD 20 5F 26			jsr error_disk
   821 2800 4C E7 26			jmp start2
   822
   823 2803			no_disk_error	
   824 2803 20 A6 23			jsr format_cartridge
   825 2806 20 1D 25			jsr write_cartridge
   826 2809 4C E4 26			jmp start
   827 					
   828 02E0-02E1> E4 26			run start
   829 					
